This file contains any messages produced by compilers while
running configure, to aid debugging if configure makes a mistake.

It was created by gtfs-editor configure 0.1, which was
generated by GNU Autoconf 2.69.  Invocation command line was

  $ ./configure 

## --------- ##
## Platform. ##
## --------- ##

hostname = ubuntu16
uname -m = x86_64
uname -r = 4.4.0-79-generic
uname -s = Linux
uname -v = #100-Ubuntu SMP Wed May 17 19:58:14 UTC 2017

/usr/bin/uname -p = unknown
/bin/uname -X     = unknown

/bin/arch              = unknown
/usr/bin/arch -k       = unknown
/usr/convex/getsysinfo = unknown
/usr/bin/hostinfo      = unknown
/bin/machine           = unknown
/usr/bin/oslevel       = unknown
/bin/universe          = unknown

PATH: /home/andrei/bin
PATH: /home/andrei/.local/bin
PATH: /usr/local/sbin
PATH: /usr/local/bin
PATH: /usr/sbin
PATH: /usr/bin
PATH: /sbin
PATH: /bin
PATH: /usr/games
PATH: /usr/local/games
PATH: /snap/bin
PATH: /usr/lib/jvm/java-8-oracle/bin
PATH: /usr/lib/jvm/java-8-oracle/db/bin
PATH: /usr/lib/jvm/java-8-oracle/jre/bin


## ----------- ##
## Core tests. ##
## ----------- ##

configure:2593: checking for a BSD-compatible install
configure:2661: result: /usr/bin/install -c
configure:2672: checking whether build environment is sane
configure:2727: result: yes
configure:2878: checking for a thread-safe mkdir -p
configure:2917: result: /bin/mkdir -p
configure:2924: checking for gawk
configure:2940: found /usr/bin/gawk
configure:2951: result: gawk
configure:2962: checking whether make sets $(MAKE)
configure:2984: result: yes
configure:3013: checking whether make supports nested variables
configure:3030: result: yes
configure:3213: checking for g++
configure:3229: found /usr/bin/g++
configure:3240: result: g++
configure:3267: checking for C++ compiler version
configure:3276: g++ --version >&5
g++ (Ubuntu 5.4.1-2ubuntu1~16.04) 5.4.1 20160904
Copyright (C) 2015 Free Software Foundation, Inc.
This is free software; see the source for copying conditions.  There is NO
warranty; not even for MERCHANTABILITY or FITNESS FOR A PARTICULAR PURPOSE.

configure:3287: $? = 0
configure:3276: g++ -v >&5
Using built-in specs.
COLLECT_GCC=g++
COLLECT_LTO_WRAPPER=/usr/lib/gcc/x86_64-linux-gnu/5/lto-wrapper
Target: x86_64-linux-gnu
Configured with: ../src/configure -v --with-pkgversion='Ubuntu 5.4.1-2ubuntu1~16.04' --with-bugurl=file:///usr/share/doc/gcc-5/README.Bugs --enable-languages=c,ada,c++,java,go,d,fortran,objc,obj-c++ --prefix=/usr --program-suffix=-5 --enable-shared --enable-linker-build-id --libexecdir=/usr/lib --without-included-gettext --enable-threads=posix --libdir=/usr/lib --enable-nls --with-sysroot=/ --enable-clocale=gnu --enable-libstdcxx-debug --enable-libstdcxx-time=yes --with-default-libstdcxx-abi=new --enable-gnu-unique-object --disable-vtable-verify --enable-libmpx --enable-plugin --with-system-zlib --disable-browser-plugin --enable-java-awt=gtk --enable-gtk-cairo --with-java-home=/usr/lib/jvm/java-1.5.0-gcj-5-amd64/jre --enable-java-home --with-jvm-root-dir=/usr/lib/jvm/java-1.5.0-gcj-5-amd64 --with-jvm-jar-dir=/usr/lib/jvm-exports/java-1.5.0-gcj-5-amd64 --with-arch-directory=amd64 --with-ecj-jar=/usr/share/java/eclipse-ecj.jar --enable-objc-gc --enable-multiarch --disable-werror --with-arch-32=i686 --with-abi=m64 --with-multilib-list=m32,m64,mx32 --enable-multilib --with-tune=generic --enable-checking=release --build=x86_64-linux-gnu --host=x86_64-linux-gnu --target=x86_64-linux-gnu
Thread model: posix
gcc version 5.4.1 20160904 (Ubuntu 5.4.1-2ubuntu1~16.04) 
configure:3287: $? = 0
configure:3276: g++ -V >&5
g++: error: unrecognized command line option '-V'
g++: fatal error: no input files
compilation terminated.
configure:3287: $? = 1
configure:3276: g++ -qversion >&5
g++: error: unrecognized command line option '-qversion'
g++: fatal error: no input files
compilation terminated.
configure:3287: $? = 1
configure:3307: checking whether the C++ compiler works
configure:3329: g++    conftest.cpp  >&5
configure:3333: $? = 0
configure:3381: result: yes
configure:3384: checking for C++ compiler default output file name
configure:3386: result: a.out
configure:3392: checking for suffix of executables
configure:3399: g++ -o conftest    conftest.cpp  >&5
configure:3403: $? = 0
configure:3425: result: 
configure:3447: checking whether we are cross compiling
configure:3455: g++ -o conftest    conftest.cpp  >&5
configure:3459: $? = 0
configure:3466: ./conftest
configure:3470: $? = 0
configure:3485: result: no
configure:3490: checking for suffix of object files
configure:3512: g++ -c   conftest.cpp >&5
configure:3516: $? = 0
configure:3537: result: o
configure:3541: checking whether we are using the GNU C++ compiler
configure:3560: g++ -c   conftest.cpp >&5
configure:3560: $? = 0
configure:3569: result: yes
configure:3578: checking whether g++ accepts -g
configure:3598: g++ -c -g  conftest.cpp >&5
configure:3598: $? = 0
configure:3639: result: yes
configure:3673: checking for style of include used by make
configure:3701: result: GNU
configure:3727: checking dependency style of g++
configure:3838: result: gcc3
configure:3901: checking for gcc
configure:3917: found /usr/bin/gcc
configure:3928: result: gcc
configure:4157: checking for C compiler version
configure:4166: gcc --version >&5
gcc (Ubuntu 5.4.1-2ubuntu1~16.04) 5.4.1 20160904
Copyright (C) 2015 Free Software Foundation, Inc.
This is free software; see the source for copying conditions.  There is NO
warranty; not even for MERCHANTABILITY or FITNESS FOR A PARTICULAR PURPOSE.

configure:4177: $? = 0
configure:4166: gcc -v >&5
Using built-in specs.
COLLECT_GCC=gcc
COLLECT_LTO_WRAPPER=/usr/lib/gcc/x86_64-linux-gnu/5/lto-wrapper
Target: x86_64-linux-gnu
Configured with: ../src/configure -v --with-pkgversion='Ubuntu 5.4.1-2ubuntu1~16.04' --with-bugurl=file:///usr/share/doc/gcc-5/README.Bugs --enable-languages=c,ada,c++,java,go,d,fortran,objc,obj-c++ --prefix=/usr --program-suffix=-5 --enable-shared --enable-linker-build-id --libexecdir=/usr/lib --without-included-gettext --enable-threads=posix --libdir=/usr/lib --enable-nls --with-sysroot=/ --enable-clocale=gnu --enable-libstdcxx-debug --enable-libstdcxx-time=yes --with-default-libstdcxx-abi=new --enable-gnu-unique-object --disable-vtable-verify --enable-libmpx --enable-plugin --with-system-zlib --disable-browser-plugin --enable-java-awt=gtk --enable-gtk-cairo --with-java-home=/usr/lib/jvm/java-1.5.0-gcj-5-amd64/jre --enable-java-home --with-jvm-root-dir=/usr/lib/jvm/java-1.5.0-gcj-5-amd64 --with-jvm-jar-dir=/usr/lib/jvm-exports/java-1.5.0-gcj-5-amd64 --with-arch-directory=amd64 --with-ecj-jar=/usr/share/java/eclipse-ecj.jar --enable-objc-gc --enable-multiarch --disable-werror --with-arch-32=i686 --with-abi=m64 --with-multilib-list=m32,m64,mx32 --enable-multilib --with-tune=generic --enable-checking=release --build=x86_64-linux-gnu --host=x86_64-linux-gnu --target=x86_64-linux-gnu
Thread model: posix
gcc version 5.4.1 20160904 (Ubuntu 5.4.1-2ubuntu1~16.04) 
configure:4177: $? = 0
configure:4166: gcc -V >&5
gcc: error: unrecognized command line option '-V'
gcc: fatal error: no input files
compilation terminated.
configure:4177: $? = 1
configure:4166: gcc -qversion >&5
gcc: error: unrecognized command line option '-qversion'
gcc: fatal error: no input files
compilation terminated.
configure:4177: $? = 1
configure:4181: checking whether we are using the GNU C compiler
configure:4200: gcc -c   conftest.c >&5
configure:4200: $? = 0
configure:4209: result: yes
configure:4218: checking whether gcc accepts -g
configure:4238: gcc -c -g  conftest.c >&5
configure:4238: $? = 0
configure:4279: result: yes
configure:4296: checking for gcc option to accept ISO C89
configure:4359: gcc  -c -g -O2  conftest.c >&5
configure:4359: $? = 0
configure:4372: result: none needed
configure:4397: checking whether gcc understands -c and -o together
configure:4419: gcc -c conftest.c -o conftest2.o
configure:4422: $? = 0
configure:4419: gcc -c conftest.c -o conftest2.o
configure:4422: $? = 0
configure:4434: result: yes
configure:4453: checking dependency style of gcc
configure:4564: result: gcc3
configure:4584: checking how to run the C preprocessor
configure:4615: gcc -E  conftest.c
configure:4615: $? = 0
configure:4629: gcc -E  conftest.c
conftest.c:9:28: fatal error: ac_nonexistent.h: No such file or directory
compilation terminated.
configure:4629: $? = 1
configure: failed program was:
| /* confdefs.h */
| #define PACKAGE_NAME "gtfs-editor"
| #define PACKAGE_TARNAME "gtfs-editor"
| #define PACKAGE_VERSION "0.1"
| #define PACKAGE_STRING "gtfs-editor 0.1"
| #define PACKAGE_BUGREPORT "andrei.i.ivanov@commandus.com"
| #define PACKAGE_URL ""
| /* end confdefs.h.  */
| #include <ac_nonexistent.h>
configure:4654: result: gcc -E
configure:4674: gcc -E  conftest.c
configure:4674: $? = 0
configure:4688: gcc -E  conftest.c
conftest.c:9:28: fatal error: ac_nonexistent.h: No such file or directory
compilation terminated.
configure:4688: $? = 1
configure: failed program was:
| /* confdefs.h */
| #define PACKAGE_NAME "gtfs-editor"
| #define PACKAGE_TARNAME "gtfs-editor"
| #define PACKAGE_VERSION "0.1"
| #define PACKAGE_STRING "gtfs-editor 0.1"
| #define PACKAGE_BUGREPORT "andrei.i.ivanov@commandus.com"
| #define PACKAGE_URL ""
| /* end confdefs.h.  */
| #include <ac_nonexistent.h>
configure:4746: checking build system type
configure:4760: result: x86_64-pc-linux-gnu
configure:4780: checking host system type
configure:4793: result: x86_64-pc-linux-gnu
configure:4834: checking how to print strings
configure:4861: result: printf
configure:4882: checking for a sed that does not truncate output
configure:4946: result: /bin/sed
configure:4964: checking for grep that handles long lines and -e
configure:5022: result: /bin/grep
configure:5027: checking for egrep
configure:5089: result: /bin/grep -E
configure:5094: checking for fgrep
configure:5156: result: /bin/grep -F
configure:5191: checking for ld used by gcc
configure:5258: result: /usr/bin/ld
configure:5265: checking if the linker (/usr/bin/ld) is GNU ld
configure:5280: result: yes
configure:5292: checking for BSD- or MS-compatible name lister (nm)
configure:5346: result: /usr/bin/nm -B
configure:5476: checking the name lister (/usr/bin/nm -B) interface
configure:5483: gcc -c -g -O2  conftest.c >&5
configure:5486: /usr/bin/nm -B "conftest.o"
configure:5489: output
0000000000000000 B some_variable
configure:5496: result: BSD nm
configure:5499: checking whether ln -s works
configure:5503: result: yes
configure:5511: checking the maximum length of command line arguments
configure:5642: result: 1572864
configure:5690: checking how to convert x86_64-pc-linux-gnu file names to x86_64-pc-linux-gnu format
configure:5730: result: func_convert_file_noop
configure:5737: checking how to convert x86_64-pc-linux-gnu file names to toolchain format
configure:5757: result: func_convert_file_noop
configure:5764: checking for /usr/bin/ld option to reload object files
configure:5771: result: -r
configure:5845: checking for objdump
configure:5861: found /usr/bin/objdump
configure:5872: result: objdump
configure:5904: checking how to recognize dependent libraries
configure:6104: result: pass_all
configure:6189: checking for dlltool
configure:6219: result: no
configure:6249: checking how to associate runtime and link libraries
configure:6276: result: printf %s\n
configure:6337: checking for ar
configure:6353: found /usr/bin/ar
configure:6364: result: ar
configure:6401: checking for archiver @FILE support
configure:6418: gcc -c -g -O2  conftest.c >&5
configure:6418: $? = 0
configure:6421: ar cru libconftest.a @conftest.lst >&5
ar: `u' modifier ignored since `D' is the default (see `U')
configure:6424: $? = 0
configure:6429: ar cru libconftest.a @conftest.lst >&5
ar: `u' modifier ignored since `D' is the default (see `U')
ar: conftest.o: No such file or directory
configure:6432: $? = 1
configure:6444: result: @
configure:6502: checking for strip
configure:6518: found /usr/bin/strip
configure:6529: result: strip
configure:6601: checking for ranlib
configure:6617: found /usr/bin/ranlib
configure:6628: result: ranlib
configure:6730: checking command to parse /usr/bin/nm -B output from gcc object
configure:6883: gcc -c -g -O2  conftest.c >&5
configure:6886: $? = 0
configure:6890: /usr/bin/nm -B conftest.o \| sed -n -e 's/^.*[ ]\([ABCDGIRSTW][ABCDGIRSTW]*\)[ ][ ]*\([_A-Za-z][_A-Za-z0-9]*\)$/\1 \2 \2/p' | sed '/ __gnu_lto/d' \> conftest.nm
configure:6893: $? = 0
configure:6959: gcc -o conftest -g -O2   conftest.c conftstm.o >&5
configure:6962: $? = 0
configure:7000: result: ok
configure:7047: checking for sysroot
configure:7077: result: no
configure:7084: checking for a working dd
configure:7122: result: /bin/dd
configure:7126: checking how to truncate binary pipes
configure:7141: result: /bin/dd bs=4096 count=1
configure:7277: gcc -c -g -O2  conftest.c >&5
configure:7280: $? = 0
configure:7470: checking for mt
configure:7486: found /bin/mt
configure:7497: result: mt
configure:7520: checking if mt is a manifest tool
configure:7526: mt '-?'
configure:7534: result: no
configure:8207: checking for ANSI C header files
configure:8227: gcc -c -g -O2  conftest.c >&5
configure:8227: $? = 0
configure:8300: gcc -o conftest -g -O2   conftest.c  >&5
configure:8300: $? = 0
configure:8300: ./conftest
configure:8300: $? = 0
configure:8311: result: yes
configure:8324: checking for sys/types.h
configure:8324: gcc -c -g -O2  conftest.c >&5
configure:8324: $? = 0
configure:8324: result: yes
configure:8324: checking for sys/stat.h
configure:8324: gcc -c -g -O2  conftest.c >&5
configure:8324: $? = 0
configure:8324: result: yes
configure:8324: checking for stdlib.h
configure:8324: gcc -c -g -O2  conftest.c >&5
configure:8324: $? = 0
configure:8324: result: yes
configure:8324: checking for string.h
configure:8324: gcc -c -g -O2  conftest.c >&5
configure:8324: $? = 0
configure:8324: result: yes
configure:8324: checking for memory.h
configure:8324: gcc -c -g -O2  conftest.c >&5
configure:8324: $? = 0
configure:8324: result: yes
configure:8324: checking for strings.h
configure:8324: gcc -c -g -O2  conftest.c >&5
configure:8324: $? = 0
configure:8324: result: yes
configure:8324: checking for inttypes.h
configure:8324: gcc -c -g -O2  conftest.c >&5
configure:8324: $? = 0
configure:8324: result: yes
configure:8324: checking for stdint.h
configure:8324: gcc -c -g -O2  conftest.c >&5
configure:8324: $? = 0
configure:8324: result: yes
configure:8324: checking for unistd.h
configure:8324: gcc -c -g -O2  conftest.c >&5
configure:8324: $? = 0
configure:8324: result: yes
configure:8338: checking for dlfcn.h
configure:8338: gcc -c -g -O2  conftest.c >&5
configure:8338: $? = 0
configure:8338: result: yes
configure:8605: checking for objdir
configure:8620: result: .libs
configure:8884: checking if gcc supports -fno-rtti -fno-exceptions
configure:8902: gcc -c -g -O2  -fno-rtti -fno-exceptions conftest.c >&5
cc1: warning: command line option '-fno-rtti' is valid for C++/ObjC++ but not for C
configure:8906: $? = 0
configure:8919: result: no
configure:9277: checking for gcc option to produce PIC
configure:9284: result: -fPIC -DPIC
configure:9292: checking if gcc PIC flag -fPIC -DPIC works
configure:9310: gcc -c -g -O2  -fPIC -DPIC -DPIC conftest.c >&5
configure:9314: $? = 0
configure:9327: result: yes
configure:9356: checking if gcc static flag -static works
configure:9384: result: yes
configure:9399: checking if gcc supports -c -o file.o
configure:9420: gcc -c -g -O2  -o out/conftest2.o conftest.c >&5
configure:9424: $? = 0
configure:9446: result: yes
configure:9454: checking if gcc supports -c -o file.o
configure:9501: result: yes
configure:9534: checking whether the gcc linker (/usr/bin/ld -m elf_x86_64) supports shared libraries
configure:10797: result: yes
configure:10834: checking whether -lc should be explicitly linked in
configure:10842: gcc -c -g -O2  conftest.c >&5
configure:10845: $? = 0
configure:10860: gcc -shared  -fPIC -DPIC conftest.o  -v -Wl,-soname -Wl,conftest -o conftest 2\>\&1 \| /bin/grep  -lc  \>/dev/null 2\>\&1
configure:10863: $? = 0
configure:10877: result: no
configure:11037: checking dynamic linker characteristics
configure:11618: gcc -o conftest -g -O2   -Wl,-rpath -Wl,/foo conftest.c  >&5
configure:11618: $? = 0
configure:11867: result: GNU/Linux ld.so
configure:11989: checking how to hardcode library paths into programs
configure:12014: result: immediate
configure:12562: checking whether stripping libraries is possible
configure:12567: result: yes
configure:12602: checking if libtool supports shared libraries
configure:12604: result: yes
configure:12607: checking whether to build shared libraries
configure:12632: result: yes
configure:12635: checking whether to build static libraries
configure:12639: result: yes
configure:12662: checking how to run the C++ preprocessor
configure:12689: g++ -E  conftest.cpp
configure:12689: $? = 0
configure:12703: g++ -E  conftest.cpp
conftest.cpp:21:28: fatal error: ac_nonexistent.h: No such file or directory
compilation terminated.
configure:12703: $? = 1
configure: failed program was:
| /* confdefs.h */
| #define PACKAGE_NAME "gtfs-editor"
| #define PACKAGE_TARNAME "gtfs-editor"
| #define PACKAGE_VERSION "0.1"
| #define PACKAGE_STRING "gtfs-editor 0.1"
| #define PACKAGE_BUGREPORT "andrei.i.ivanov@commandus.com"
| #define PACKAGE_URL ""
| #define STDC_HEADERS 1
| #define HAVE_SYS_TYPES_H 1
| #define HAVE_SYS_STAT_H 1
| #define HAVE_STDLIB_H 1
| #define HAVE_STRING_H 1
| #define HAVE_MEMORY_H 1
| #define HAVE_STRINGS_H 1
| #define HAVE_INTTYPES_H 1
| #define HAVE_STDINT_H 1
| #define HAVE_UNISTD_H 1
| #define HAVE_DLFCN_H 1
| #define LT_OBJDIR ".libs/"
| /* end confdefs.h.  */
| #include <ac_nonexistent.h>
configure:12728: result: g++ -E
configure:12748: g++ -E  conftest.cpp
configure:12748: $? = 0
configure:12762: g++ -E  conftest.cpp
conftest.cpp:21:28: fatal error: ac_nonexistent.h: No such file or directory
compilation terminated.
configure:12762: $? = 1
configure: failed program was:
| /* confdefs.h */
| #define PACKAGE_NAME "gtfs-editor"
| #define PACKAGE_TARNAME "gtfs-editor"
| #define PACKAGE_VERSION "0.1"
| #define PACKAGE_STRING "gtfs-editor 0.1"
| #define PACKAGE_BUGREPORT "andrei.i.ivanov@commandus.com"
| #define PACKAGE_URL ""
| #define STDC_HEADERS 1
| #define HAVE_SYS_TYPES_H 1
| #define HAVE_SYS_STAT_H 1
| #define HAVE_STDLIB_H 1
| #define HAVE_STRING_H 1
| #define HAVE_MEMORY_H 1
| #define HAVE_STRINGS_H 1
| #define HAVE_INTTYPES_H 1
| #define HAVE_STDINT_H 1
| #define HAVE_UNISTD_H 1
| #define HAVE_DLFCN_H 1
| #define LT_OBJDIR ".libs/"
| /* end confdefs.h.  */
| #include <ac_nonexistent.h>
configure:12924: checking for ld used by g++
configure:12991: result: /usr/bin/ld -m elf_x86_64
configure:12998: checking if the linker (/usr/bin/ld -m elf_x86_64) is GNU ld
configure:13013: result: yes
configure:13068: checking whether the g++ linker (/usr/bin/ld -m elf_x86_64) supports shared libraries
configure:14141: result: yes
configure:14177: g++ -c -g -O2  conftest.cpp >&5
configure:14180: $? = 0
configure:14661: checking for g++ option to produce PIC
configure:14668: result: -fPIC -DPIC
configure:14676: checking if g++ PIC flag -fPIC -DPIC works
configure:14694: g++ -c -g -O2  -fPIC -DPIC -DPIC conftest.cpp >&5
configure:14698: $? = 0
configure:14711: result: yes
configure:14734: checking if g++ static flag -static works
configure:14762: result: yes
configure:14774: checking if g++ supports -c -o file.o
configure:14795: g++ -c -g -O2  -o out/conftest2.o conftest.cpp >&5
configure:14799: $? = 0
configure:14821: result: yes
configure:14826: checking if g++ supports -c -o file.o
configure:14873: result: yes
configure:14903: checking whether the g++ linker (/usr/bin/ld -m elf_x86_64) supports shared libraries
configure:14946: result: yes
configure:15087: checking dynamic linker characteristics
configure:15844: result: GNU/Linux ld.so
configure:15909: checking how to hardcode library paths into programs
configure:15934: result: immediate
configure:16023: checking fcntl.h usability
configure:16023: gcc -c -g -O2  conftest.c >&5
configure:16023: $? = 0
configure:16023: result: yes
configure:16023: checking fcntl.h presence
configure:16023: gcc -E  conftest.c
configure:16023: $? = 0
configure:16023: result: yes
configure:16023: checking for fcntl.h
configure:16023: result: yes
configure:16023: checking limits.h usability
configure:16023: gcc -c -g -O2  conftest.c >&5
configure:16023: $? = 0
configure:16023: result: yes
configure:16023: checking limits.h presence
configure:16023: gcc -E  conftest.c
configure:16023: $? = 0
configure:16023: result: yes
configure:16023: checking for limits.h
configure:16023: result: yes
configure:16023: checking for stdint.h
configure:16023: result: yes
configure:16023: checking for string.h
configure:16023: result: yes
configure:16023: checking sys/time.h usability
configure:16023: gcc -c -g -O2  conftest.c >&5
configure:16023: $? = 0
configure:16023: result: yes
configure:16023: checking sys/time.h presence
configure:16023: gcc -E  conftest.c
configure:16023: $? = 0
configure:16023: result: yes
configure:16023: checking for sys/time.h
configure:16023: result: yes
configure:16023: checking termios.h usability
configure:16023: gcc -c -g -O2  conftest.c >&5
configure:16023: $? = 0
configure:16023: result: yes
configure:16023: checking termios.h presence
configure:16023: gcc -E  conftest.c
configure:16023: $? = 0
configure:16023: result: yes
configure:16023: checking for termios.h
configure:16023: result: yes
configure:16023: checking for unistd.h
configure:16023: result: yes
configure:16035: checking argtable2.h usability
configure:16035: gcc -c -g -O2  conftest.c >&5
configure:16035: $? = 0
configure:16035: result: yes
configure:16035: checking argtable2.h presence
configure:16035: gcc -E  conftest.c
configure:16035: $? = 0
configure:16035: result: yes
configure:16035: checking for argtable2.h
configure:16035: result: yes
configure:16047: checking for arg_parse in -largtable2
configure:16072: gcc -o conftest -g -O2   conftest.c -largtable2   >&5
configure:16072: $? = 0
configure:16081: result: yes
configure:16097: checking for inline
configure:16113: gcc -c -g -O2  conftest.c >&5
configure:16113: $? = 0
configure:16121: result: inline
configure:16139: checking for int32_t
configure:16139: gcc -c -g -O2  conftest.c >&5
configure:16139: $? = 0
configure:16139: gcc -c -g -O2  conftest.c >&5
conftest.c: In function 'main':
conftest.c:68:53: warning: integer overflow in expression [-Woverflow]
    < (int32_t) (((((int32_t) 1 << N) << N) - 1) * 2 + 2))];
                                                     ^
conftest.c:67:12: error: storage size of 'test_array' isn't constant
 static int test_array [1 - 2 * !((int32_t) (((((int32_t) 1 << N) << N) - 1) * 2 + 1)
            ^
configure:16139: $? = 1
configure: failed program was:
| /* confdefs.h */
| #define PACKAGE_NAME "gtfs-editor"
| #define PACKAGE_TARNAME "gtfs-editor"
| #define PACKAGE_VERSION "0.1"
| #define PACKAGE_STRING "gtfs-editor 0.1"
| #define PACKAGE_BUGREPORT "andrei.i.ivanov@commandus.com"
| #define PACKAGE_URL ""
| #define STDC_HEADERS 1
| #define HAVE_SYS_TYPES_H 1
| #define HAVE_SYS_STAT_H 1
| #define HAVE_STDLIB_H 1
| #define HAVE_STRING_H 1
| #define HAVE_MEMORY_H 1
| #define HAVE_STRINGS_H 1
| #define HAVE_INTTYPES_H 1
| #define HAVE_STDINT_H 1
| #define HAVE_UNISTD_H 1
| #define HAVE_DLFCN_H 1
| #define LT_OBJDIR ".libs/"
| #define HAVE_FCNTL_H 1
| #define HAVE_LIMITS_H 1
| #define HAVE_STDINT_H 1
| #define HAVE_STRING_H 1
| #define HAVE_SYS_TIME_H 1
| #define HAVE_TERMIOS_H 1
| #define HAVE_UNISTD_H 1
| #define HAVE_ARGTABLE2_H 1
| #define HAVE_LIBARGTABLE2 1
| /* end confdefs.h.  */
| #include <stdio.h>
| #ifdef HAVE_SYS_TYPES_H
| # include <sys/types.h>
| #endif
| #ifdef HAVE_SYS_STAT_H
| # include <sys/stat.h>
| #endif
| #ifdef STDC_HEADERS
| # include <stdlib.h>
| # include <stddef.h>
| #else
| # ifdef HAVE_STDLIB_H
| #  include <stdlib.h>
| # endif
| #endif
| #ifdef HAVE_STRING_H
| # if !defined STDC_HEADERS && defined HAVE_MEMORY_H
| #  include <memory.h>
| # endif
| # include <string.h>
| #endif
| #ifdef HAVE_STRINGS_H
| # include <strings.h>
| #endif
| #ifdef HAVE_INTTYPES_H
| # include <inttypes.h>
| #endif
| #ifdef HAVE_STDINT_H
| # include <stdint.h>
| #endif
| #ifdef HAVE_UNISTD_H
| # include <unistd.h>
| #endif
| 	        enum { N = 32 / 2 - 1 };
| int
| main ()
| {
| static int test_array [1 - 2 * !((int32_t) (((((int32_t) 1 << N) << N) - 1) * 2 + 1)
| 		 < (int32_t) (((((int32_t) 1 << N) << N) - 1) * 2 + 2))];
| test_array [0] = 0;
| return test_array [0];
| 
|   ;
|   return 0;
| }
configure:16139: result: yes
configure:16150: checking for int64_t
configure:16150: gcc -c -g -O2  conftest.c >&5
configure:16150: $? = 0
configure:16150: gcc -c -g -O2  conftest.c >&5
conftest.c: In function 'main':
conftest.c:68:53: warning: integer overflow in expression [-Woverflow]
    < (int64_t) (((((int64_t) 1 << N) << N) - 1) * 2 + 2))];
                                                     ^
conftest.c:67:12: error: storage size of 'test_array' isn't constant
 static int test_array [1 - 2 * !((int64_t) (((((int64_t) 1 << N) << N) - 1) * 2 + 1)
            ^
configure:16150: $? = 1
configure: failed program was:
| /* confdefs.h */
| #define PACKAGE_NAME "gtfs-editor"
| #define PACKAGE_TARNAME "gtfs-editor"
| #define PACKAGE_VERSION "0.1"
| #define PACKAGE_STRING "gtfs-editor 0.1"
| #define PACKAGE_BUGREPORT "andrei.i.ivanov@commandus.com"
| #define PACKAGE_URL ""
| #define STDC_HEADERS 1
| #define HAVE_SYS_TYPES_H 1
| #define HAVE_SYS_STAT_H 1
| #define HAVE_STDLIB_H 1
| #define HAVE_STRING_H 1
| #define HAVE_MEMORY_H 1
| #define HAVE_STRINGS_H 1
| #define HAVE_INTTYPES_H 1
| #define HAVE_STDINT_H 1
| #define HAVE_UNISTD_H 1
| #define HAVE_DLFCN_H 1
| #define LT_OBJDIR ".libs/"
| #define HAVE_FCNTL_H 1
| #define HAVE_LIMITS_H 1
| #define HAVE_STDINT_H 1
| #define HAVE_STRING_H 1
| #define HAVE_SYS_TIME_H 1
| #define HAVE_TERMIOS_H 1
| #define HAVE_UNISTD_H 1
| #define HAVE_ARGTABLE2_H 1
| #define HAVE_LIBARGTABLE2 1
| /* end confdefs.h.  */
| #include <stdio.h>
| #ifdef HAVE_SYS_TYPES_H
| # include <sys/types.h>
| #endif
| #ifdef HAVE_SYS_STAT_H
| # include <sys/stat.h>
| #endif
| #ifdef STDC_HEADERS
| # include <stdlib.h>
| # include <stddef.h>
| #else
| # ifdef HAVE_STDLIB_H
| #  include <stdlib.h>
| # endif
| #endif
| #ifdef HAVE_STRING_H
| # if !defined STDC_HEADERS && defined HAVE_MEMORY_H
| #  include <memory.h>
| # endif
| # include <string.h>
| #endif
| #ifdef HAVE_STRINGS_H
| # include <strings.h>
| #endif
| #ifdef HAVE_INTTYPES_H
| # include <inttypes.h>
| #endif
| #ifdef HAVE_STDINT_H
| # include <stdint.h>
| #endif
| #ifdef HAVE_UNISTD_H
| # include <unistd.h>
| #endif
| 	        enum { N = 64 / 2 - 1 };
| int
| main ()
| {
| static int test_array [1 - 2 * !((int64_t) (((((int64_t) 1 << N) << N) - 1) * 2 + 1)
| 		 < (int64_t) (((((int64_t) 1 << N) << N) - 1) * 2 + 2))];
| test_array [0] = 0;
| return test_array [0];
| 
|   ;
|   return 0;
| }
configure:16150: result: yes
configure:16161: checking for size_t
configure:16161: gcc -c -g -O2  conftest.c >&5
configure:16161: $? = 0
configure:16161: gcc -c -g -O2  conftest.c >&5
conftest.c: In function 'main':
conftest.c:66:21: error: expected expression before ')' token
 if (sizeof ((size_t)))
                     ^
configure:16161: $? = 1
configure: failed program was:
| /* confdefs.h */
| #define PACKAGE_NAME "gtfs-editor"
| #define PACKAGE_TARNAME "gtfs-editor"
| #define PACKAGE_VERSION "0.1"
| #define PACKAGE_STRING "gtfs-editor 0.1"
| #define PACKAGE_BUGREPORT "andrei.i.ivanov@commandus.com"
| #define PACKAGE_URL ""
| #define STDC_HEADERS 1
| #define HAVE_SYS_TYPES_H 1
| #define HAVE_SYS_STAT_H 1
| #define HAVE_STDLIB_H 1
| #define HAVE_STRING_H 1
| #define HAVE_MEMORY_H 1
| #define HAVE_STRINGS_H 1
| #define HAVE_INTTYPES_H 1
| #define HAVE_STDINT_H 1
| #define HAVE_UNISTD_H 1
| #define HAVE_DLFCN_H 1
| #define LT_OBJDIR ".libs/"
| #define HAVE_FCNTL_H 1
| #define HAVE_LIMITS_H 1
| #define HAVE_STDINT_H 1
| #define HAVE_STRING_H 1
| #define HAVE_SYS_TIME_H 1
| #define HAVE_TERMIOS_H 1
| #define HAVE_UNISTD_H 1
| #define HAVE_ARGTABLE2_H 1
| #define HAVE_LIBARGTABLE2 1
| /* end confdefs.h.  */
| #include <stdio.h>
| #ifdef HAVE_SYS_TYPES_H
| # include <sys/types.h>
| #endif
| #ifdef HAVE_SYS_STAT_H
| # include <sys/stat.h>
| #endif
| #ifdef STDC_HEADERS
| # include <stdlib.h>
| # include <stddef.h>
| #else
| # ifdef HAVE_STDLIB_H
| #  include <stdlib.h>
| # endif
| #endif
| #ifdef HAVE_STRING_H
| # if !defined STDC_HEADERS && defined HAVE_MEMORY_H
| #  include <memory.h>
| # endif
| # include <string.h>
| #endif
| #ifdef HAVE_STRINGS_H
| # include <strings.h>
| #endif
| #ifdef HAVE_INTTYPES_H
| # include <inttypes.h>
| #endif
| #ifdef HAVE_STDINT_H
| # include <stdint.h>
| #endif
| #ifdef HAVE_UNISTD_H
| # include <unistd.h>
| #endif
| int
| main ()
| {
| if (sizeof ((size_t)))
| 	    return 0;
|   ;
|   return 0;
| }
configure:16161: result: yes
configure:16172: checking for uint64_t
configure:16172: gcc -c -g -O2  conftest.c >&5
configure:16172: $? = 0
configure:16172: result: yes
configure:16188: checking for pid_t
configure:16188: gcc -c -g -O2  conftest.c >&5
configure:16188: $? = 0
configure:16188: gcc -c -g -O2  conftest.c >&5
conftest.c: In function 'main':
conftest.c:66:20: error: expected expression before ')' token
 if (sizeof ((pid_t)))
                    ^
configure:16188: $? = 1
configure: failed program was:
| /* confdefs.h */
| #define PACKAGE_NAME "gtfs-editor"
| #define PACKAGE_TARNAME "gtfs-editor"
| #define PACKAGE_VERSION "0.1"
| #define PACKAGE_STRING "gtfs-editor 0.1"
| #define PACKAGE_BUGREPORT "andrei.i.ivanov@commandus.com"
| #define PACKAGE_URL ""
| #define STDC_HEADERS 1
| #define HAVE_SYS_TYPES_H 1
| #define HAVE_SYS_STAT_H 1
| #define HAVE_STDLIB_H 1
| #define HAVE_STRING_H 1
| #define HAVE_MEMORY_H 1
| #define HAVE_STRINGS_H 1
| #define HAVE_INTTYPES_H 1
| #define HAVE_STDINT_H 1
| #define HAVE_UNISTD_H 1
| #define HAVE_DLFCN_H 1
| #define LT_OBJDIR ".libs/"
| #define HAVE_FCNTL_H 1
| #define HAVE_LIMITS_H 1
| #define HAVE_STDINT_H 1
| #define HAVE_STRING_H 1
| #define HAVE_SYS_TIME_H 1
| #define HAVE_TERMIOS_H 1
| #define HAVE_UNISTD_H 1
| #define HAVE_ARGTABLE2_H 1
| #define HAVE_LIBARGTABLE2 1
| /* end confdefs.h.  */
| #include <stdio.h>
| #ifdef HAVE_SYS_TYPES_H
| # include <sys/types.h>
| #endif
| #ifdef HAVE_SYS_STAT_H
| # include <sys/stat.h>
| #endif
| #ifdef STDC_HEADERS
| # include <stdlib.h>
| # include <stddef.h>
| #else
| # ifdef HAVE_STDLIB_H
| #  include <stdlib.h>
| # endif
| #endif
| #ifdef HAVE_STRING_H
| # if !defined STDC_HEADERS && defined HAVE_MEMORY_H
| #  include <memory.h>
| # endif
| # include <string.h>
| #endif
| #ifdef HAVE_STRINGS_H
| # include <strings.h>
| #endif
| #ifdef HAVE_INTTYPES_H
| # include <inttypes.h>
| #endif
| #ifdef HAVE_STDINT_H
| # include <stdint.h>
| #endif
| #ifdef HAVE_UNISTD_H
| # include <unistd.h>
| #endif
| int
| main ()
| {
| if (sizeof ((pid_t)))
| 	    return 0;
|   ;
|   return 0;
| }
configure:16188: result: yes
configure:16201: checking vfork.h usability
configure:16201: gcc -c -g -O2  conftest.c >&5
conftest.c:63:19: fatal error: vfork.h: No such file or directory
compilation terminated.
configure:16201: $? = 1
configure: failed program was:
| /* confdefs.h */
| #define PACKAGE_NAME "gtfs-editor"
| #define PACKAGE_TARNAME "gtfs-editor"
| #define PACKAGE_VERSION "0.1"
| #define PACKAGE_STRING "gtfs-editor 0.1"
| #define PACKAGE_BUGREPORT "andrei.i.ivanov@commandus.com"
| #define PACKAGE_URL ""
| #define STDC_HEADERS 1
| #define HAVE_SYS_TYPES_H 1
| #define HAVE_SYS_STAT_H 1
| #define HAVE_STDLIB_H 1
| #define HAVE_STRING_H 1
| #define HAVE_MEMORY_H 1
| #define HAVE_STRINGS_H 1
| #define HAVE_INTTYPES_H 1
| #define HAVE_STDINT_H 1
| #define HAVE_UNISTD_H 1
| #define HAVE_DLFCN_H 1
| #define LT_OBJDIR ".libs/"
| #define HAVE_FCNTL_H 1
| #define HAVE_LIMITS_H 1
| #define HAVE_STDINT_H 1
| #define HAVE_STRING_H 1
| #define HAVE_SYS_TIME_H 1
| #define HAVE_TERMIOS_H 1
| #define HAVE_UNISTD_H 1
| #define HAVE_ARGTABLE2_H 1
| #define HAVE_LIBARGTABLE2 1
| /* end confdefs.h.  */
| #include <stdio.h>
| #ifdef HAVE_SYS_TYPES_H
| # include <sys/types.h>
| #endif
| #ifdef HAVE_SYS_STAT_H
| # include <sys/stat.h>
| #endif
| #ifdef STDC_HEADERS
| # include <stdlib.h>
| # include <stddef.h>
| #else
| # ifdef HAVE_STDLIB_H
| #  include <stdlib.h>
| # endif
| #endif
| #ifdef HAVE_STRING_H
| # if !defined STDC_HEADERS && defined HAVE_MEMORY_H
| #  include <memory.h>
| # endif
| # include <string.h>
| #endif
| #ifdef HAVE_STRINGS_H
| # include <strings.h>
| #endif
| #ifdef HAVE_INTTYPES_H
| # include <inttypes.h>
| #endif
| #ifdef HAVE_STDINT_H
| # include <stdint.h>
| #endif
| #ifdef HAVE_UNISTD_H
| # include <unistd.h>
| #endif
| #include <vfork.h>
configure:16201: result: no
configure:16201: checking vfork.h presence
configure:16201: gcc -E  conftest.c
conftest.c:30:19: fatal error: vfork.h: No such file or directory
compilation terminated.
configure:16201: $? = 1
configure: failed program was:
| /* confdefs.h */
| #define PACKAGE_NAME "gtfs-editor"
| #define PACKAGE_TARNAME "gtfs-editor"
| #define PACKAGE_VERSION "0.1"
| #define PACKAGE_STRING "gtfs-editor 0.1"
| #define PACKAGE_BUGREPORT "andrei.i.ivanov@commandus.com"
| #define PACKAGE_URL ""
| #define STDC_HEADERS 1
| #define HAVE_SYS_TYPES_H 1
| #define HAVE_SYS_STAT_H 1
| #define HAVE_STDLIB_H 1
| #define HAVE_STRING_H 1
| #define HAVE_MEMORY_H 1
| #define HAVE_STRINGS_H 1
| #define HAVE_INTTYPES_H 1
| #define HAVE_STDINT_H 1
| #define HAVE_UNISTD_H 1
| #define HAVE_DLFCN_H 1
| #define LT_OBJDIR ".libs/"
| #define HAVE_FCNTL_H 1
| #define HAVE_LIMITS_H 1
| #define HAVE_STDINT_H 1
| #define HAVE_STRING_H 1
| #define HAVE_SYS_TIME_H 1
| #define HAVE_TERMIOS_H 1
| #define HAVE_UNISTD_H 1
| #define HAVE_ARGTABLE2_H 1
| #define HAVE_LIBARGTABLE2 1
| /* end confdefs.h.  */
| #include <vfork.h>
configure:16201: result: no
configure:16201: checking for vfork.h
configure:16201: result: no
configure:16214: checking for fork
configure:16214: gcc -o conftest -g -O2   conftest.c -largtable2  >&5
conftest.c:53:6: warning: conflicting types for built-in function 'fork'
 char fork ();
      ^
configure:16214: $? = 0
configure:16214: result: yes
configure:16214: checking for vfork
configure:16214: gcc -o conftest -g -O2   conftest.c -largtable2  >&5
configure:16214: $? = 0
configure:16214: result: yes
configure:16224: checking for working fork
configure:16246: gcc -o conftest -g -O2   conftest.c -largtable2  >&5
configure:16246: $? = 0
configure:16246: ./conftest
configure:16246: $? = 0
configure:16256: result: yes
configure:16277: checking for working vfork
configure:16387: result: yes
configure:16415: checking for memmove
configure:16415: gcc -o conftest -g -O2   conftest.c -largtable2  >&5
conftest.c:57:6: warning: conflicting types for built-in function 'memmove'
 char memmove ();
      ^
configure:16415: $? = 0
configure:16415: result: yes
configure:16415: checking for memset
configure:16415: gcc -o conftest -g -O2   conftest.c -largtable2  >&5
conftest.c:58:6: warning: conflicting types for built-in function 'memset'
 char memset ();
      ^
configure:16415: $? = 0
configure:16415: result: yes
configure:16534: checking that generated files are newer than configure
configure:16540: result: done
configure:16571: creating ./config.status

## ---------------------- ##
## Running config.status. ##
## ---------------------- ##

This file was extended by gtfs-editor config.status 0.1, which was
generated by GNU Autoconf 2.69.  Invocation command line was

  CONFIG_FILES    = 
  CONFIG_HEADERS  = 
  CONFIG_LINKS    = 
  CONFIG_COMMANDS = 
  $ ./config.status 

on ubuntu16

config.status:1162: creating Makefile
config.status:1162: creating config.h
config.status:1343: config.h is unchanged
config.status:1391: executing depfiles commands
config.status:1391: executing libtool commands

## ---------------- ##
## Cache variables. ##
## ---------------- ##

ac_cv_build=x86_64-pc-linux-gnu
ac_cv_c_compiler_gnu=yes
ac_cv_c_inline=inline
ac_cv_c_int32_t=yes
ac_cv_c_int64_t=yes
ac_cv_c_uint64_t=yes
ac_cv_cxx_compiler_gnu=yes
ac_cv_env_CCC_set=
ac_cv_env_CCC_value=
ac_cv_env_CC_set=
ac_cv_env_CC_value=
ac_cv_env_CFLAGS_set=
ac_cv_env_CFLAGS_value=
ac_cv_env_CPPFLAGS_set=
ac_cv_env_CPPFLAGS_value=
ac_cv_env_CPP_set=
ac_cv_env_CPP_value=
ac_cv_env_CXXCPP_set=
ac_cv_env_CXXCPP_value=
ac_cv_env_CXXFLAGS_set=
ac_cv_env_CXXFLAGS_value=
ac_cv_env_CXX_set=
ac_cv_env_CXX_value=
ac_cv_env_LDFLAGS_set=
ac_cv_env_LDFLAGS_value=
ac_cv_env_LIBS_set=
ac_cv_env_LIBS_value=
ac_cv_env_LT_SYS_LIBRARY_PATH_set=
ac_cv_env_LT_SYS_LIBRARY_PATH_value=
ac_cv_env_build_alias_set=
ac_cv_env_build_alias_value=
ac_cv_env_host_alias_set=
ac_cv_env_host_alias_value=
ac_cv_env_target_alias_set=
ac_cv_env_target_alias_value=
ac_cv_func_fork=yes
ac_cv_func_fork_works=yes
ac_cv_func_memmove=yes
ac_cv_func_memset=yes
ac_cv_func_vfork=yes
ac_cv_func_vfork_works=yes
ac_cv_header_argtable2_h=yes
ac_cv_header_dlfcn_h=yes
ac_cv_header_fcntl_h=yes
ac_cv_header_inttypes_h=yes
ac_cv_header_limits_h=yes
ac_cv_header_memory_h=yes
ac_cv_header_stdc=yes
ac_cv_header_stdint_h=yes
ac_cv_header_stdlib_h=yes
ac_cv_header_string_h=yes
ac_cv_header_strings_h=yes
ac_cv_header_sys_stat_h=yes
ac_cv_header_sys_time_h=yes
ac_cv_header_sys_types_h=yes
ac_cv_header_termios_h=yes
ac_cv_header_unistd_h=yes
ac_cv_header_vfork_h=no
ac_cv_host=x86_64-pc-linux-gnu
ac_cv_lib_argtable2_arg_parse=yes
ac_cv_objext=o
ac_cv_path_EGREP='/bin/grep -E'
ac_cv_path_FGREP='/bin/grep -F'
ac_cv_path_GREP=/bin/grep
ac_cv_path_SED=/bin/sed
ac_cv_path_install='/usr/bin/install -c'
ac_cv_path_lt_DD=/bin/dd
ac_cv_path_mkdir=/bin/mkdir
ac_cv_prog_AWK=gawk
ac_cv_prog_CPP='gcc -E'
ac_cv_prog_CXXCPP='g++ -E'
ac_cv_prog_ac_ct_AR=ar
ac_cv_prog_ac_ct_CC=gcc
ac_cv_prog_ac_ct_CXX=g++
ac_cv_prog_ac_ct_MANIFEST_TOOL=mt
ac_cv_prog_ac_ct_OBJDUMP=objdump
ac_cv_prog_ac_ct_RANLIB=ranlib
ac_cv_prog_ac_ct_STRIP=strip
ac_cv_prog_cc_c89=
ac_cv_prog_cc_g=yes
ac_cv_prog_cxx_g=yes
ac_cv_prog_make_make_set=yes
ac_cv_type_pid_t=yes
ac_cv_type_size_t=yes
am_cv_CC_dependencies_compiler_type=gcc3
am_cv_CXX_dependencies_compiler_type=gcc3
am_cv_make_support_nested_variables=yes
am_cv_prog_cc_c_o=yes
lt_cv_ar_at_file=@
lt_cv_archive_cmds_need_lc=no
lt_cv_deplibs_check_method=pass_all
lt_cv_file_magic_cmd='$MAGIC_CMD'
lt_cv_file_magic_test_file=
lt_cv_ld_reload_flag=-r
lt_cv_nm_interface='BSD nm'
lt_cv_objdir=.libs
lt_cv_path_LD=/usr/bin/ld
lt_cv_path_LDCXX='/usr/bin/ld -m elf_x86_64'
lt_cv_path_NM='/usr/bin/nm -B'
lt_cv_path_mainfest_tool=no
lt_cv_prog_compiler_c_o=yes
lt_cv_prog_compiler_c_o_CXX=yes
lt_cv_prog_compiler_pic='-fPIC -DPIC'
lt_cv_prog_compiler_pic_CXX='-fPIC -DPIC'
lt_cv_prog_compiler_pic_works=yes
lt_cv_prog_compiler_pic_works_CXX=yes
lt_cv_prog_compiler_rtti_exceptions=no
lt_cv_prog_compiler_static_works=yes
lt_cv_prog_compiler_static_works_CXX=yes
lt_cv_prog_gnu_ld=yes
lt_cv_prog_gnu_ldcxx=yes
lt_cv_sharedlib_from_linklib_cmd='printf %s\n'
lt_cv_shlibpath_overrides_runpath=no
lt_cv_sys_global_symbol_pipe='sed -n -e '\''s/^.*[	 ]\([ABCDGIRSTW][ABCDGIRSTW]*\)[	 ][	 ]*\([_A-Za-z][_A-Za-z0-9]*\)$/\1 \2 \2/p'\'' | sed '\''/ __gnu_lto/d'\'''
lt_cv_sys_global_symbol_to_c_name_address='sed -n -e '\''s/^: \(.*\) .*$/  {"\1", (void *) 0},/p'\'' -e '\''s/^[ABCDGIRSTW][ABCDGIRSTW]* .* \(.*\)$/  {"\1", (void *) \&\1},/p'\'''
lt_cv_sys_global_symbol_to_c_name_address_lib_prefix='sed -n -e '\''s/^: \(.*\) .*$/  {"\1", (void *) 0},/p'\'' -e '\''s/^[ABCDGIRSTW][ABCDGIRSTW]* .* \(lib.*\)$/  {"\1", (void *) \&\1},/p'\'' -e '\''s/^[ABCDGIRSTW][ABCDGIRSTW]* .* \(.*\)$/  {"lib\1", (void *) \&\1},/p'\'''
lt_cv_sys_global_symbol_to_cdecl='sed -n -e '\''s/^T .* \(.*\)$/extern int \1();/p'\'' -e '\''s/^[ABCDGIRSTW][ABCDGIRSTW]* .* \(.*\)$/extern char \1;/p'\'''
lt_cv_sys_global_symbol_to_import=
lt_cv_sys_max_cmd_len=1572864
lt_cv_to_host_file_cmd=func_convert_file_noop
lt_cv_to_tool_file_cmd=func_convert_file_noop
lt_cv_truncate_bin='/bin/dd bs=4096 count=1'

## ----------------- ##
## Output variables. ##
## ----------------- ##

ACLOCAL='${SHELL} /home/andrei/src/gtfs-editor/missing aclocal-1.15'
AMDEPBACKSLASH='\'
AMDEP_FALSE='#'
AMDEP_TRUE=''
AMTAR='$${TAR-tar}'
AM_BACKSLASH='\'
AM_DEFAULT_V='$(AM_DEFAULT_VERBOSITY)'
AM_DEFAULT_VERBOSITY='1'
AM_V='$(V)'
AR='ar'
AUTOCONF='${SHELL} /home/andrei/src/gtfs-editor/missing autoconf'
AUTOHEADER='${SHELL} /home/andrei/src/gtfs-editor/missing autoheader'
AUTOMAKE='${SHELL} /home/andrei/src/gtfs-editor/missing automake-1.15'
AWK='gawk'
CC='gcc'
CCDEPMODE='depmode=gcc3'
CFLAGS='-g -O2'
CPP='gcc -E'
CPPFLAGS=''
CXX='g++'
CXXCPP='g++ -E'
CXXDEPMODE='depmode=gcc3'
CXXFLAGS='-g -O2'
CYGPATH_W='echo'
DEBUG_FALSE=''
DEBUG_TRUE='#'
DEFS='-DHAVE_CONFIG_H'
DEPDIR='.deps'
DLLTOOL='false'
DSYMUTIL=''
DUMPBIN=''
ECHO_C=''
ECHO_N='-n'
ECHO_T=''
EGREP='/bin/grep -E'
EXEEXT=''
FGREP='/bin/grep -F'
GREP='/bin/grep'
INSTALL_DATA='${INSTALL} -m 644'
INSTALL_PROGRAM='${INSTALL}'
INSTALL_SCRIPT='${INSTALL}'
INSTALL_STRIP_PROGRAM='$(install_sh) -c -s'
LD='/usr/bin/ld -m elf_x86_64'
LDFLAGS=''
LIBOBJS=''
LIBS='-largtable2 '
LIBTOOL='$(SHELL) $(top_builddir)/libtool'
LIPO=''
LN_S='ln -s'
LTLIBOBJS=''
LT_SYS_LIBRARY_PATH=''
MAKEINFO='${SHELL} /home/andrei/src/gtfs-editor/missing makeinfo'
MANIFEST_TOOL=':'
MKDIR_P='/bin/mkdir -p'
NM='/usr/bin/nm -B'
NMEDIT=''
OBJDUMP='objdump'
OBJEXT='o'
OTOOL64=''
OTOOL=''
PACKAGE='gtfs-editor'
PACKAGE_BUGREPORT='andrei.i.ivanov@commandus.com'
PACKAGE_NAME='gtfs-editor'
PACKAGE_STRING='gtfs-editor 0.1'
PACKAGE_TARNAME='gtfs-editor'
PACKAGE_URL=''
PACKAGE_VERSION='0.1'
PATH_SEPARATOR=':'
RANLIB='ranlib'
SED='/bin/sed'
SET_MAKE=''
SHELL='/bin/bash'
STRIP='strip'
VERSION='0.1'
ac_ct_AR='ar'
ac_ct_CC='gcc'
ac_ct_CXX='g++'
ac_ct_DUMPBIN=''
am__EXEEXT_FALSE=''
am__EXEEXT_TRUE='#'
am__fastdepCC_FALSE='#'
am__fastdepCC_TRUE=''
am__fastdepCXX_FALSE='#'
am__fastdepCXX_TRUE=''
am__include='include'
am__isrc=''
am__leading_dot='.'
am__nodep='_no'
am__quote=''
am__tar='$${TAR-tar} chof - "$$tardir"'
am__untar='$${TAR-tar} xf -'
bindir='${exec_prefix}/bin'
build='x86_64-pc-linux-gnu'
build_alias=''
build_cpu='x86_64'
build_os='linux-gnu'
build_vendor='pc'
datadir='${datarootdir}'
datarootdir='${prefix}/share'
docdir='${datarootdir}/doc/${PACKAGE_TARNAME}'
dvidir='${docdir}'
exec_prefix='${prefix}'
host='x86_64-pc-linux-gnu'
host_alias=''
host_cpu='x86_64'
host_os='linux-gnu'
host_vendor='pc'
htmldir='${docdir}'
includedir='${prefix}/include'
infodir='${datarootdir}/info'
install_sh='${SHELL} /home/andrei/src/gtfs-editor/install-sh'
libdir='${exec_prefix}/lib'
libexecdir='${exec_prefix}/libexec'
localedir='${datarootdir}/locale'
localstatedir='${prefix}/var'
mandir='${datarootdir}/man'
mkdir_p='$(MKDIR_P)'
oldincludedir='/usr/include'
pdfdir='${docdir}'
prefix='/usr/local'
program_transform_name='s,x,x,'
psdir='${docdir}'
runstatedir='${localstatedir}/run'
sbindir='${exec_prefix}/sbin'
sharedstatedir='${prefix}/com'
sysconfdir='${prefix}/etc'
target_alias=''

## ----------- ##
## confdefs.h. ##
## ----------- ##

/* confdefs.h */
#define PACKAGE_NAME "gtfs-editor"
#define PACKAGE_TARNAME "gtfs-editor"
#define PACKAGE_VERSION "0.1"
#define PACKAGE_STRING "gtfs-editor 0.1"
#define PACKAGE_BUGREPORT "andrei.i.ivanov@commandus.com"
#define PACKAGE_URL ""
#define STDC_HEADERS 1
#define HAVE_SYS_TYPES_H 1
#define HAVE_SYS_STAT_H 1
#define HAVE_STDLIB_H 1
#define HAVE_STRING_H 1
#define HAVE_MEMORY_H 1
#define HAVE_STRINGS_H 1
#define HAVE_INTTYPES_H 1
#define HAVE_STDINT_H 1
#define HAVE_UNISTD_H 1
#define HAVE_DLFCN_H 1
#define LT_OBJDIR ".libs/"
#define HAVE_FCNTL_H 1
#define HAVE_LIMITS_H 1
#define HAVE_STDINT_H 1
#define HAVE_STRING_H 1
#define HAVE_SYS_TIME_H 1
#define HAVE_TERMIOS_H 1
#define HAVE_UNISTD_H 1
#define HAVE_ARGTABLE2_H 1
#define HAVE_LIBARGTABLE2 1
#define HAVE_FORK 1
#define HAVE_VFORK 1
#define HAVE_WORKING_VFORK 1
#define HAVE_WORKING_FORK 1
#define HAVE_MEMMOVE 1
#define HAVE_MEMSET 1

configure: exit 0

## ---------------------- ##
## Running config.status. ##
## ---------------------- ##

This file was extended by gtfs-editor config.status 0.1, which was
generated by GNU Autoconf 2.69.  Invocation command line was

  CONFIG_FILES    = 
  CONFIG_HEADERS  = 
  CONFIG_LINKS    = 
  CONFIG_COMMANDS = 
  $ ./config.status Makefile depfiles

on ubuntu16

config.status:1162: creating Makefile
config.status:1391: executing depfiles commands

## ---------------------- ##
## Running config.status. ##
## ---------------------- ##

This file was extended by gtfs-editor config.status 0.1, which was
generated by GNU Autoconf 2.69.  Invocation command line was

  CONFIG_FILES    = 
  CONFIG_HEADERS  = 
  CONFIG_LINKS    = 
  CONFIG_COMMANDS = 
  $ ./config.status Makefile depfiles

on ubuntu16

config.status:1162: creating Makefile
config.status:1391: executing depfiles commands

## ---------------------- ##
## Running config.status. ##
## ---------------------- ##

This file was extended by gtfs-editor config.status 0.1, which was
generated by GNU Autoconf 2.69.  Invocation command line was

  CONFIG_FILES    = 
  CONFIG_HEADERS  = 
  CONFIG_LINKS    = 
  CONFIG_COMMANDS = 
  $ ./config.status Makefile depfiles

on ubuntu16

config.status:1162: creating Makefile
config.status:1391: executing depfiles commands

## ---------------------- ##
## Running config.status. ##
## ---------------------- ##

This file was extended by gtfs-editor config.status 0.1, which was
generated by GNU Autoconf 2.69.  Invocation command line was

  CONFIG_FILES    = 
  CONFIG_HEADERS  = 
  CONFIG_LINKS    = 
  CONFIG_COMMANDS = 
  $ ./config.status Makefile depfiles

on ubuntu16

config.status:1162: creating Makefile
config.status:1391: executing depfiles commands

## ---------------------- ##
## Running config.status. ##
## ---------------------- ##

This file was extended by gtfs-editor config.status 0.1, which was
generated by GNU Autoconf 2.69.  Invocation command line was

  CONFIG_FILES    = 
  CONFIG_HEADERS  = 
  CONFIG_LINKS    = 
  CONFIG_COMMANDS = 
  $ ./config.status Makefile depfiles

on ubuntu16

config.status:1162: creating Makefile
config.status:1391: executing depfiles commands

## ---------------------- ##
## Running config.status. ##
## ---------------------- ##

This file was extended by gtfs-editor config.status 0.1, which was
generated by GNU Autoconf 2.69.  Invocation command line was

  CONFIG_FILES    = 
  CONFIG_HEADERS  = 
  CONFIG_LINKS    = 
  CONFIG_COMMANDS = 
  $ ./config.status Makefile depfiles

on ubuntu16

config.status:1162: creating Makefile
config.status:1391: executing depfiles commands

## ---------------------- ##
## Running config.status. ##
## ---------------------- ##

This file was extended by gtfs-editor config.status 0.1, which was
generated by GNU Autoconf 2.69.  Invocation command line was

  CONFIG_FILES    = 
  CONFIG_HEADERS  = 
  CONFIG_LINKS    = 
  CONFIG_COMMANDS = 
  $ ./config.status Makefile depfiles

on ubuntu16

config.status:1162: creating Makefile
config.status:1391: executing depfiles commands
